Warnings encountered during the last execution of ms3 review (v1.2.2)
=====================================================================

WARNING  ms3.Parse.mahler_kindertotenlieder.kindertotenlieder_01_nun_will_die_sonn -- /usr/local/lib/python3.10/site-packages/ms3/bs4_measures.py (line 627) squash_staves():
	mc 39: The missing value in 'vspacerFixed' was replaced by '7.28082', present in 'staff' [2].
WARNING  ms3.Parse.mahler_kindertotenlieder.kindertotenlieder_01_nun_will_die_sonn -- /usr/local/lib/python3.10/site-packages/ms3/bs4_measures.py (line 627) squash_staves():
	mc 74: The missing value in 'vspacerFixed' was replaced by '5.55551', present in 'staff' [2].
WARNING  ms3.Parse.mahler_kindertotenlieder.kindertotenlieder_02_nun_seh_ich_wohl -- /usr/local/lib/python3.10/site-packages/ms3/bs4_measures.py (line 627) squash_staves():
	mc 42: The missing value in 'vspacerFixed' was replaced by '5.78307', present in 'staff' [2].
WARNING  ms3.Parse.mahler_kindertotenlieder.kindertotenlieder_02_nun_seh_ich_wohl -- /usr/local/lib/python3.10/site-packages/ms3/bs4_measures.py (line 627) squash_staves():
	mc 66: The missing value in 'vspacerFixed' was replaced by '8.18246', present in 'staff' [2].
WARNING  ms3.Parse.mahler_kindertotenlieder.kindertotenlieder_03_wenn_dein_mutterlein -- /usr/local/lib/python3.10/site-packages/ms3/bs4_measures.py (line 627) squash_staves():
	mc 51: The missing value in 'voice/BarLine/autoplace' was replaced by '0', present in 'staff' [2].
WARNING  ms3.Parse.mahler_kindertotenlieder.kindertotenlieder_03_wenn_dein_mutterlein -- /usr/local/lib/python3.10/site-packages/ms3/bs4_measures.py (line 627) squash_staves():
	mc 51: The missing value in 'voice/BarLine/spanToOffset' was replaced by '7', present in 'staff' [2].
WARNING  ms3.Parse.mahler_kindertotenlieder.kindertotenlieder_01_nun_will_die_sonn -- /usr/local/lib/python3.10/site-packages/ms3/transformations.py (line 304) compute_chord_tones():
	MC 32: ii%(4): % requires figbass (7, 65, 43, or 2) since it specifies a chord's seventh.
DCML_HARMONY_SUPERFLUOUS_TONE_REPLACEMENT_WARNING (6, 58, 'V(6b5)') ms3.Parse.mahler_kindertotenlieder.kindertotenlieder_01_nun_will_die_sonn -- /usr/local/lib/python3.10/site-packages/ms3/utils.py (line 4295) features2tpcs():
	MC 58: V(6b5) results in a chord tone 5th AND its replacement(s) (TPC [-3]). You might want to add a + to distinguish from a suspension, or add this warning to IGNORED_WARNINGS with a comment.
WARNING  ms3.Parse.mahler_kindertotenlieder.kindertotenlieder_01_nun_will_die_sonn -- /usr/local/lib/python3.10/site-packages/ms3/transformations.py (line 304) compute_chord_tones():
	MC 32: ii%(65): % requires figbass (7, 65, 43, or 2) since it specifies a chord's seventh.
DCML_PHRASE_INCONGRUENCY_WARNING (16,) ms3.Parse.mahler_kindertotenlieder.kindertotenlieder_03_wenn_dein_mutterlein -- /usr/local/lib/python3.10/site-packages/ms3/utils.py (line 5117) check_phrase_annotations():
	Phrase beginning and endings don't match:
	mn_playthrough phraseend mn_playthrough phraseend
	            1a         {             7a         }
	            8a         {            15a         }
	           16a         {            33a        }{
	           33a        }{            39a         }
	           64a        }{            64a        }{
	           NaN       NaN            69a         }
Chord labels where the ratio of colored notes vs. all notes in a segment lies above 0.6:
                                                                              mc   mn mc_onset     label       chord_tones added_tones  n_colored  n_untouched  count_ratio
mahler_kindertotenlieder MS3/kindertotenlieder_01_nun_will_die_sonn.mscx      31   30      1/4      ii%7     (4, 1, -2, 2)          ()        2.0          1.0     0.666667
                         MS3/kindertotenlieder_01_nun_will_die_sonn.mscx      32   31      1/2    ii%(4)                ()          ()        1.0          0.0     1.000000
                         MS3/kindertotenlieder_01_nun_will_die_sonn.mscx      32   31      3/4   ii%(65)                ()          ()       10.0          0.0     1.000000
                         MS3/kindertotenlieder_01_nun_will_die_sonn.mscx      40   39        0         V         (3, 7, 4)          ()        5.0          2.0     0.714286
                         MS3/kindertotenlieder_01_nun_will_die_sonn.mscx      51   50      1/4      ii%7     (4, 1, -2, 2)          ()        2.0          1.0     0.666667
                         MS3/kindertotenlieder_01_nun_will_die_sonn.mscx      65   64        0         v         (3, 0, 4)          ()       10.0          4.0     0.714286
                         MS3/kindertotenlieder_01_nun_will_die_sonn.mscx      71   70      1/2     ii%65     (1, -2, 2, 4)          ()        4.0          2.0     0.666667
                         MS3/kindertotenlieder_02_nun_seh_ich_wohl.mscx        9    9      3/4       IV6        (3, 0, -1)          ()        5.0          2.0     0.714286
                         MS3/kindertotenlieder_02_nun_seh_ich_wohl.mscx       34   34        0     V[V64         (2, 1, 5)          ()        7.0          4.0     0.636364
                         MS3/kindertotenlieder_02_nun_seh_ich_wohl.mscx       37   37        1   Ger6/IV   (-5, -1, -4, 5)          ()        6.0          1.0     0.857143
                         MS3/kindertotenlieder_02_nun_seh_ich_wohl.mscx       53   53      1/4    V7/bII   (-3, 1, -2, -5)          ()        2.0          0.0     1.000000
                         MS3/kindertotenlieder_02_nun_seh_ich_wohl.mscx       53   53      3/4    V2/bII   (-5, -3, 1, -2)          ()        2.0          0.0     1.000000
                         MS3/kindertotenlieder_02_nun_seh_ich_wohl.mscx       54   54        0     bII+6        (0, 4, -4)          ()       13.0          1.0     0.928571
                         MS3/kindertotenlieder_02_nun_seh_ich_wohl.mscx       57   57        0     VI/VI         (0, 4, 1)          ()       12.0          0.0     1.000000
                         MS3/kindertotenlieder_03_wenn_dein_mutterlein.mscx   24   24        1   ii65/VI  (-5, -1, -4, -2)          ()        4.0          2.0     0.666667
                         MS3/kindertotenlieder_03_wenn_dein_mutterlein.mscx   32   32        0        iv       (-1, -4, 0)          ()        5.0          2.0     0.714286
                         MS3/kindertotenlieder_03_wenn_dein_mutterlein.mscx   55   55        1   ii65/VI  (-5, -1, -4, -2)          ()        3.0          1.0     0.750000
                         MS3/kindertotenlieder_05_in_diesem_wetter.mscx        9    9      1/2         i        (2, -1, 3)          ()        4.0          2.0     0.666667
                         MS3/kindertotenlieder_05_in_diesem_wetter.mscx       48   48        0       i64        (3, 2, -1)          ()       11.0          5.0     0.687500
                         MS3/kindertotenlieder_05_in_diesem_wetter.mscx       64   64      1/2     V(b9)         (3, 7, 4)       (-9,)       10.0          6.0     0.625000
                         MS3/kindertotenlieder_05_in_diesem_wetter.mscx       76   76        0     viio7   (0, -3, -6, -9)          ()       13.0          2.0     0.866667
                         MS3/kindertotenlieder_05_in_diesem_wetter.mscx       81   81        0     V/VII         (1, 5, 2)          ()        8.0          5.0     0.615385
                         MS3/kindertotenlieder_05_in_diesem_wetter.mscx       82   82        0         i        (2, -1, 3)          ()       15.0          8.0     0.652174
                         MS3/kindertotenlieder_05_in_diesem_wetter.mscx       83   83        0       VII         (0, 4, 1)          ()       12.0          7.0     0.631579
                         MS3/kindertotenlieder_05_in_diesem_wetter.mscx       84   84        0         i        (2, -1, 3)          ()       10.0          6.0     0.625000
                         MS3/kindertotenlieder_05_in_diesem_wetter.mscx       85   85        0        i]        (2, -1, 3)          ()        8.0          5.0     0.615385
                         MS3/kindertotenlieder_05_in_diesem_wetter.mscx      103  103        0       IV6         (5, 2, 1)          ()       11.0          6.0     0.647059
                         MS3/kindertotenlieder_05_in_diesem_wetter.mscx      105  105        0       IV6         (5, 2, 1)          ()       11.0          4.0     0.733333
                         MS3/kindertotenlieder_05_in_diesem_wetter.mscx      118  118        0  viio7/vi    (3, 0, -3, -6)          ()        5.0          0.0     1.000000
                         MS3/kindertotenlieder_05_in_diesem_wetter.mscx      123  123        0        IV         (1, 5, 2)          ()       14.0          8.0     0.636364
